This is pdfTeX, Version 3.14159265-2.6-1.40.16 (TeX Live 2015/Debian) (preloaded format=pdflatex 2018.10.13)  15 NOV 2019 22:06
entering extended mode
 restricted \write18 enabled.
 %&-line parsing enabled.
**index.html
(./index.html
LaTeX2e <2016/02/01>
Babel <3.9q> and hyphenation patterns for 3 language(s) loaded.

! LaTeX Error: Missing \begin{document}.

See the LaTeX manual or LaTeX Companion for explanation.
Type  H <return>  for immediate help.
 ...                                              
                                                  
l.2 <
     !DOCTYPE HTML PUBLIC "-//W3C//DTD HTML 3.2 Final//EN">
? 
! Emergency stop.
 ...                                              
                                                  
l.2 <
     !DOCTYPE HTML PUBLIC "-//W3C//DTD HTML 3.2 Final//EN">
You're in trouble here.  Try typing  <return>  to proceed.
If that doesn't work, type  X <return>  to quit.

 
Here is how much of TeX's memory you used:
 6 strings out of 494953
 261 string characters out of 6180976
 45210 words of memory out of 5000000
 3390 multiletter control sequences out of 15000+600000
 3640 words of font info for 14 fonts, out of 8000000 for 9000
 14 hyphenation exceptions out of 8191
 5i,0n,4p,68b,14s stack positions out of 5000i,500n,10000p,200000b,80000s
!  ==> Fatal error occurred, no output PDF file produced!
